07-01-2015 11:54:05 [TMainClassExt] 
07-01-2015 11:54:05 [TMainClassExt] Iniciando...
07-01-2015 11:54:05 [TMainClassExt] 
07-01-2015 11:54:05 [TMainClassExt] InitApp: aplicacion...
07-01-2015 11:54:05 [TMainClassExt] ConectarApplication
07-01-2015 11:54:05 [TMainClassExt] ConnectString: 0030002C0030002C00530041005000420044005F00440061007400650076002C0050004C006F006D0056004900490056
07-01-2015 11:54:16 [TMainClassExt] InitApp: Estructura de datos - SHA1
07-01-2015 11:54:17 [TMainClassExt] SHA1 EDSHA1.xls[l3WiVuQQFESO8H5GNN0JHJi2Fus=]
07-01-2015 12:00:58 [TMainClassExt] 
07-01-2015 12:00:58 [TMainClassExt] Iniciando...
07-01-2015 12:00:58 [TMainClassExt] 
07-01-2015 12:00:58 [TMainClassExt] InitApp: aplicacion...
07-01-2015 12:00:58 [TMainClassExt] ConectarApplication
07-01-2015 12:00:58 [TMainClassExt] ConnectString: 0030002C0030002C00530041005000420044005F00440061007400650076002C0050004C006F006D0056004900490056
07-01-2015 12:01:00 [TMainClassExt] InitApp: Estructura de datos - SHA1
07-01-2015 12:01:00 [TMainClassExt] SHA1 EDSHA1.xls[l3WiVuQQFESO8H5GNN0JHJi2Fus=]
07-01-2015 12:40:15 [TMainClassExt] 
07-01-2015 12:40:15 [TMainClassExt] Iniciando...
07-01-2015 12:40:15 [TMainClassExt] 
07-01-2015 12:40:15 [TMainClassExt] InitApp: aplicacion...
07-01-2015 12:40:15 [TMainClassExt] ConectarApplication
07-01-2015 12:40:15 [TMainClassExt] ConnectString: 0030002C0030002C00530041005000420044005F00440061007400650076002C0050004C006F006D0056004900490056
07-01-2015 12:40:17 [TMainClassExt] InitApp: Estructura de datos - SHA1
07-01-2015 12:40:17 [TMainClassExt] SHA1 EDSHA1.xls[l3WiVuQQFESO8H5GNN0JHJi2Fus=]
07-01-2015 12:40:55 [TMainClassExt] 
07-01-2015 12:40:55 [TMainClassExt] Iniciando...
07-01-2015 12:40:55 [TMainClassExt] 
07-01-2015 12:40:55 [TMainClassExt] InitApp: aplicacion...
07-01-2015 12:40:55 [TMainClassExt] ConectarApplication
07-01-2015 12:40:55 [TMainClassExt] ConnectString: 0030002C0030002C00530041005000420044005F00440061007400650076002C0050004C006F006D0056004900490056
07-01-2015 12:40:57 [TMainClassExt] InitApp: Estructura de datos - SHA1
07-01-2015 12:40:57 [TMainClassExt] SHA1 EDSHA1.xls[l3WiVuQQFESO8H5GNN0JHJi2Fus=]
07-01-2015 12:47:31 [TMainClassExt] 
07-01-2015 12:47:31 [TMainClassExt] Iniciando...
07-01-2015 12:47:31 [TMainClassExt] 
07-01-2015 12:47:31 [TMainClassExt] InitApp: aplicacion...
07-01-2015 12:47:31 [TMainClassExt] ConectarApplication
07-01-2015 12:47:31 [TMainClassExt] ConnectString: 0030002C0030002C00530041005000420044005F00440061007400650076002C0050004C006F006D0056004900490056
07-01-2015 12:47:32 [TMainClassExt] InitApp: Estructura de datos - SHA1
07-01-2015 12:47:32 [TMainClassExt] SHA1 EDSHA1.xls[l3WiVuQQFESO8H5GNN0JHJi2Fus=]
