15-05-2019 05:46:19 [TMainClassExt] 
15-05-2019 05:46:19 [TMainClassExt] Iniciando...
15-05-2019 05:46:19 [TMainClassExt] 
15-05-2019 05:46:20 [TMainClassExt] InitApp: aplicacion...
15-05-2019 05:46:20 [TMainClassExt] ConectarApplication
15-05-2019 05:46:20 [TMainClassExt] ConnectString: 0030002C0030002C00530041005000420044005F00440061007400650076002C0050004C006F006D0056004900490056
15-05-2019 05:46:42 [TMainClassExt] 
15-05-2019 05:46:42 [TMainClassExt] Iniciando...
15-05-2019 05:46:42 [TMainClassExt] 
15-05-2019 05:46:43 [TMainClassExt] InitApp: aplicacion...
15-05-2019 05:46:43 [TMainClassExt] ConectarApplication
15-05-2019 05:46:43 [TMainClassExt] ConnectString: 0030002C0030002C00530041005000420044005F00440061007400650076002C0050004C006F006D0056004900490056
15-05-2019 05:47:21 [TMainClassExt] 
15-05-2019 05:47:21 [TMainClassExt] Iniciando...
15-05-2019 05:47:21 [TMainClassExt] 
15-05-2019 05:47:22 [TMainClassExt] InitApp: aplicacion...
15-05-2019 05:47:22 [TMainClassExt] ConectarApplication
15-05-2019 05:47:23 [TMainClassExt] ConnectString: 0030002C0030002C00530041005000420044005F00440061007400650076002C0050004C006F006D0056004900490056
15-05-2019 05:49:23 [TMainClassExt] 
15-05-2019 05:49:23 [TMainClassExt] Iniciando...
15-05-2019 05:49:23 [TMainClassExt] 
15-05-2019 05:49:24 [TMainClassExt] InitApp: aplicacion...
15-05-2019 05:49:24 [TMainClassExt] ConectarApplication
15-05-2019 05:49:24 [TMainClassExt] ConnectString: 0030002C0030002C00530041005000420044005F00440061007400650076002C0050004C006F006D0056004900490056
