El valor no puede ser nulo.
Nombre del parámetro: valueEl valor no puede ser nulo.
Nombre del parámetro: valueEl valor no puede ser nulo.
Nombre del parámetro: valueEl valor no puede ser nulo.
Nombre del parámetro: valueInvalid JSON stringEl valor no puede ser nulo.
Nombre del parámetro: valueEl valor no puede ser nulo.
Nombre del parámetro: valueEl valor no puede ser nulo.
Nombre del parámetro: valueEl valor no puede ser nulo.
Nombre del parámetro: valueEl valor no puede ser nulo.
Nombre del parámetro: valueEl valor no puede ser nulo.
Nombre del parámetro: valueEl valor no puede ser nulo.
Nombre del parámetro: valueLa cadena de entrada no tiene el formato correcto.El valor no puede ser nulo.
Nombre del parámetro: valueFalta el token de autenticación.Falta el token de autenticación.El valor no puede ser nulo.
Nombre del parámetro: valueEl valor no puede ser nulo.
Nombre del parámetro: valueEl valor no puede ser nulo.
Nombre del parámetro: valueEl valor no puede ser nulo.
Nombre del parámetro: valueEl valor no puede ser nulo.
Nombre del parámetro: valueReferencia a objeto no establecida como instancia de un objeto.Referencia a objeto no establecida como instancia de un objeto.Referencia a objeto no establecida como instancia de un objeto.Referencia a objeto no establecida como instancia de un objeto.El valor no puede ser nulo.
Nombre del parámetro: valueError de autenticaciónError de autenticaciónError de autenticaciónError al generar documento. Error al crear boleta.Error al generar documento. Error al crear boleta.El valor no puede ser nulo.
Nombre del parámetro: valueEl valor no puede ser nulo.
Nombre del parámetro: valueEl valor no puede ser nulo.
Nombre del parámetro: valueEl valor no puede ser nulo.
Nombre del parámetro: valueEl valor no puede ser nulo.
Nombre del parámetro: valueEl valor no puede ser nulo.
Nombre del parámetro: valueEl valor no puede ser nulo.
Nombre del parámetro: valueEl valor no puede ser nulo.
Nombre del parámetro: valueEl valor no puede ser nulo.
Nombre del parámetro: valueEl valor no puede ser nulo.
Nombre del parámetro: valueInvalid JSON stringNo se puede convertir un objeto de tipo 'System.String' al tipo 'System.Collections.Generic.IDictionary`2[System.String,System.Object]'.Invalid JSON stringNo se puede convertir un objeto de tipo 'System.String' al tipo 'System.Collections.Generic.IDictionary`2[System.String,System.Object]'.Invalid JSON stringNo se puede convertir un objeto de tipo 'System.String' al tipo 'System.Collections.Generic.IDictionary`2[System.String,System.Object]'.No se puede convertir un objeto de tipo 'System.String' al tipo 'System.Collections.Generic.IDictionary`2[System.String,System.Object]'.Invalid JSON stringEl valor no puede ser nulo.
Nombre del parámetro: valueEl valor no puede ser nulo.
Nombre del parámetro: valueEl valor no puede ser nulo.
Nombre del parámetro: valueEl valor no puede ser nulo.
Nombre del parámetro: valueEl valor no puede ser nulo.
Nombre del parámetro: valueEl valor no puede ser nulo.
Nombre del parámetro: valueEl valor no puede ser nulo.
Nombre del parámetro: valueEl valor no puede ser nulo.
Nombre del parámetro: valueEl valor no puede ser nulo.
Nombre del parámetro: value